<?xml version="1.0" encoding="UTF-8"?>
<!-- Generated by org.testng.reporters.JUnitXMLReporter -->
<testsuite ignored="0" hostname="Prasad" failures="0" tests="20" name="Test" time="0.154" errors="0" timestamp="2024-06-08T12:06:39 IST">
  <testcase classname="Countries.Country2" name="ch" time="0.013"/>
  <testcase classname="Countries.Country2" name="eg" time="0.002"/>
  <testcase classname="Countries.Country2" name="eng" time="0.003"/>
  <testcase classname="Countries.Country2" name="fr" time="0.002"/>
  <testcase classname="Countries.Country2" name="pk" time="0.007"/>
  <testcase classname="Countries.Country2" name="sa" time="0.001"/>
  <testcase classname="Countries.Country2" name="srl" time="0.002"/>
  <testcase classname="Countries.Country3" name="bang" time="0.003"/>
  <testcase classname="Countries.Country3" name="jp" time="0.002"/>
  <testcase classname="Countries.Country3" name="ko" time="0.001"/>
  <testcase classname="Countries.Country3" name="mal" time="0.002"/>
  <testcase classname="Countries.Country3" name="sig" time="0.002"/>
  <testcase classname="Countries.Country3" name="som" time="0.002"/>
  <testcase classname="Countries.Country3" name="zim" time="0.001"/>
  <testcase classname="Countries.Country1" name="aus" time="0.003"/>
  <testcase classname="Countries.Country1" name="dk" time="0.001"/>
  <testcase classname="Countries.Country1" name="ind" time="0.002"/>
  <testcase classname="Countries.Country1" name="it" time="0.002"/>
  <testcase classname="Countries.Country1" name="nl" time="0.002"/>
  <testcase classname="Countries.Country1" name="sn" time="0.001"/>
</testsuite> <!-- Test -->
