<?xml version="1.0" encoding="UTF-8"?>
<testng-results ignored="0" total="1" passed="1" failed="0" skipped="0">
  <reporter-output>
  </reporter-output>
  <suite started-at="2024-06-08T13:18:35 IST" name="Default suite" finished-at="2024-06-08T13:18:41 IST" duration-ms="5585">
    <groups>
    </groups>
    <test started-at="2024-06-08T13:18:35 IST" name="Default test" finished-at="2024-06-08T13:18:41 IST" duration-ms="5585">
      <class name="DataPickerPack.DClass">
        <test-method signature="f()[pri:0, instance:DataPickerPack.DClass@4ec4f3a0]" started-at="2024-06-08T13:18:35 IST" name="f" finished-at="2024-06-08T13:18:41 IST" duration-ms="5536" status="PASS">
          <reporter-output>
          </reporter-output>
        </test-method> <!-- f -->
      </class> <!-- DataPickerPack.DClass -->
    </test> <!-- Default test -->
  </suite> <!-- Default suite -->
</testng-results>
